<?xml version="1.0" encoding="UTF-8"?>
<!-- Generated by org.testng.reporters.JUnitReportReporter -->
<testsuite hostname="Shree" failures="0" tests="1" name="functions.live.AAA_timeClasss" time="0.043" errors="0" timestamp="2024-01-06T14:48:13 IST" skipped="0">
  <testcase classname="functions.live.AAA_timeClasss" name="catchDay" time="0.043"/>
</testsuite> <!-- functions.live.AAA_timeClasss -->
