<?xml version="1.0" encoding="UTF-8"?>
<!-- Generated by org.testng.reporters.JUnitReportReporter -->
<testsuite hostname="Shree" failures="0" tests="1" name="functions.live.AAA_Pt" time="0.052" errors="0" timestamp="2024-01-06T11:45:01 IST" skipped="0">
  <testcase classname="functions.live.AAA_Pt" name="v2" time="0.052"/>
</testsuite> <!-- functions.live.AAA_Pt -->
