<?xml version="1.0" encoding="UTF-8"?>
<!-- Generated by org.testng.reporters.JUnitReportReporter -->
<testsuite hostname="Shree" failures="0" tests="26" name="functions.live.A_testClass_create" time="2018.874" errors="0" timestamp="2024-01-12T11:13:18 IST" skipped="0">
  <testcase classname="functions.live.A_testClass_create" name="extendAlarmToSecondStation" time="85.719">
    <system-out>
      <![CDATA[ 
The process of extend alarm is started.
The process of extend alarm is complete.
 ]]>
    </system-out>
  </testcase> <!-- extendAlarmToSecondStation -->
  <testcase classname="functions.live.A_testClass_create" name="detailsAboutScript" time="9.155">
    <system-out>
      <![CDATA[ 
Login  date-12-01-2024 & login  time -06:09
Logout date-12-01-2024 & logout time -06:43
 ]]>
    </system-out>
  </testcase> <!-- detailsAboutScript -->
  <testcase classname="functions.live.A_testClass_create" name="sendMassageToinfoUsers" time="45.946">
    <system-out>
      <![CDATA[ 
The process of send massage to information users is started.
The process of send massage to information users is started is complete.
 ]]>
    </system-out>
  </testcase> <!-- sendMassageToinfoUsers -->
  <testcase classname="functions.live.A_testClass_create" name="createAvailabilityRequestSendRecursive" time="82.414">
    <system-out>
      <![CDATA[ 
The process of create availability request > recursive is started.
The process of create availability request > recursive is complete.
 ]]>
    </system-out>
  </testcase> <!-- createAvailabilityRequestSendRecursive -->
  <testcase classname="functions.live.A_testClass_create" name="createInfoEventByFighterSchedule" time="115.406">
    <system-out>
      <![CDATA[ 
The process of create info-event schedule by firefighter is started.
The process of create info-event schedule by firefighter is complete.
 ]]>
    </system-out>
  </testcase> <!-- createInfoEventByFighterSchedule -->
  <testcase classname="functions.live.A_testClass_create" name="createManualAlarmByResource" time="84.349">
    <system-out>
      <![CDATA[ 
The process of creating a manual alarm by resource is started.
The process of creating a manual alarm by resource is complete.
 ]]>
    </system-out>
  </testcase> <!-- createManualAlarmByResource -->
  <testcase classname="functions.live.A_testClass_create" name="createForMonitor" time="87.051">
    <system-out>
      <![CDATA[ 
The process of creating information from 06:16 to 06:31 for monitor is started.
The process of creating information for monitor is complete.
 ]]>
    </system-out>
  </testcase> <!-- createForMonitor -->
  <testcase classname="functions.live.A_testClass_create" name="createInformationByAttribute" time="69.370">
    <system-out>
      <![CDATA[ 
The process of creating information by attribute is started.
The process of creating information by attribute is complete.
 ]]>
    </system-out>
  </testcase> <!-- createInformationByAttribute -->
  <testcase classname="functions.live.A_testClass_create" name="createInfoEventByAttributeSchedule" time="108.803">
    <system-out>
      <![CDATA[ 
The process of create info-event schedule by attribute is started.
The process of create info-event schedule by attribute is complete.
 ]]>
    </system-out>
  </testcase> <!-- createInfoEventByAttributeSchedule -->
  <testcase classname="functions.live.A_testClass_create" name="createAvailabilityRequestSendSchedule" time="78.397">
    <system-out>
      <![CDATA[ 
The process of create availability request > schedule is started.
The process of create availability request > schedule is complete.
 ]]>
    </system-out>
  </testcase> <!-- createAvailabilityRequestSendSchedule -->
  <testcase classname="functions.live.A_testClass_create" name="createInfoEventByFirefighter" time="91.853">
    <system-out>
      <![CDATA[ 
The process of create info-event by firefighter is started.
The process of create info-event by firefighter is complete.
 ]]>
    </system-out>
  </testcase> <!-- createInfoEventByFirefighter -->
  <testcase classname="functions.live.A_testClass_create" name="sendMassageToinfoEventUsers" time="42.728">
    <system-out>
      <![CDATA[ 
The process of send massage to info-event users is started.
The process of send massage to info-event users is started is complete.
 ]]>
    </system-out>
  </testcase> <!-- sendMassageToinfoEventUsers -->
  <testcase classname="functions.live.A_testClass_create" name="createManualAlarmByAttribute" time="83.913">
    <system-out>
      <![CDATA[ 
The process of creating a manual alarm by attribute is started.
The process of creating a manual alarm by attribute is complete.
 ]]>
    </system-out>
  </testcase> <!-- createManualAlarmByAttribute -->
  <testcase classname="functions.live.A_testClass_create" name="userDetails" time="9.786">
    <system-out>
      <![CDATA[ 
live department user # 6039-IN-andrew-deptu-2 # log in sucessfully
 ]]>
    </system-out>
  </testcase> <!-- userDetails -->
  <testcase classname="functions.live.A_testClass_create" name="createInfoEventByResourceSchedule" time="105.631">
    <system-out>
      <![CDATA[ 
The process of create info-event schedule by resource is started.
The process of create info-event schedule by attribute is complete.
 ]]>
    </system-out>
  </testcase> <!-- createInfoEventByResourceSchedule -->
  <testcase classname="functions.live.A_testClass_create" name="createManualAlarmByFireFighte" time="93.678">
    <system-out>
      <![CDATA[ 
The process of creating a manual alarm by firefighter is started.
The process of creating a manual alarm by firefighter is complete.
 ]]>
    </system-out>
  </testcase> <!-- createManualAlarmByFireFighte -->
  <testcase classname="functions.live.A_testClass_create" name="createInformationByFirefighter" time="67.182">
    <system-out>
      <![CDATA[ 
The process of creating information by firefighter is started.
The process of creating information by firefighter is complete.
 ]]>
    </system-out>
  </testcase> <!-- createInformationByFirefighter -->
  <testcase classname="functions.live.A_testClass_create" name="createManualAlarmByEscalationResource" time="83.892">
    <system-out>
      <![CDATA[ 
The process of creating a manual alarm by escaltion resource is started.
The process of creating a manual alarm by escaltion resource is complete.
 ]]>
    </system-out>
  </testcase> <!-- createManualAlarmByEscalationResource -->
  <testcase classname="functions.live.A_testClass_create" name="createAvailabilityRequestSendImmediat" time="112.042">
    <system-out>
      <![CDATA[ 
The process of create availability request > send imediate is started.
The process of create availability request > send imediate is complete.
 ]]>
    </system-out>
  </testcase> <!-- createAvailabilityRequestSendImmediat -->
  <testcase classname="functions.live.A_testClass_create" name="sendMassageToAlarmUser" time="32.785">
    <system-out>
      <![CDATA[ 
The Process of send message to user is started.
The Process of send message to user is complete.
 ]]>
    </system-out>
  </testcase> <!-- sendMassageToAlarmUser -->
  <testcase classname="functions.live.A_testClass_create" name="createInfoEventByAttribute" time="93.212">
    <system-out>
      <![CDATA[ 
The process of create info-event by attribute is started.
The process of create info-event by attribute is complete.
 ]]>
    </system-out>
  </testcase> <!-- createInfoEventByAttribute -->
  <testcase classname="functions.live.A_testClass_create" name="createTestAlarmByAttributeRecursiveMontlyDateWise" time="101.313">
    <system-out>
      <![CDATA[ 
The process of creating a test alarm by attribute with remindar recursive > monthly > date wise is started.
The process of creating a test alarm by attribute with remindar recursive > monthly > date wise is complete.
 ]]>
    </system-out>
  </testcase> <!-- createTestAlarmByAttributeRecursiveMontlyDateWise -->
  <testcase classname="functions.live.A_testClass_create" name="createInformationByResource" time="68.133">
    <system-out>
      <![CDATA[ 
The process of creating information by resource is started.
The process of creating information by resource is complete.
 ]]>
    </system-out>
  </testcase> <!-- createInformationByResource -->
  <testcase classname="functions.live.A_testClass_create" name="createInfoEventByResource" time="97.006">
    <system-out>
      <![CDATA[ 
The process of create info-event by resource is started.
The process of create info-event by resource is complete.
 ]]>
    </system-out>
  </testcase> <!-- createInfoEventByResource -->
  <testcase classname="functions.live.A_testClass_create" name="SendMassagetoARUsers" time="57.582">
    <system-out>
      <![CDATA[ 
The process of create availability request > multiple days is started.
The process of create availability request > multiple days is complete.
 ]]>
    </system-out>
  </testcase> <!-- SendMassagetoARUsers -->
  <testcase classname="functions.live.A_testClass_create" name="createAvailabilityRequestSendMultipleDays" time="111.528">
    <system-out>
      <![CDATA[ 
The process of create availability request > multiple days is started.
The process of create availability request > multiple days is complete.
 ]]>
    </system-out>
  </testcase> <!-- createAvailabilityRequestSendMultipleDays -->
  <system-out>
    <![CDATA[Hello, Daily check point checking process has started.
 
date after two days : 15-01-2024
 
live department user # 6039-IN-andrew-deptu-2 # log in sucessfully
 
 
The process of creating information from 06:16 to 06:31 for monitor is started.
The process of creating information for monitor is complete.
 
 
The process of create info-event schedule by attribute is started.
The process of create info-event schedule by attribute is complete.
 
 
The process of create info-event schedule by resource is started.
The process of create info-event schedule by attribute is complete.
 
 
The process of create info-event schedule by firefighter is started.
The process of create info-event schedule by firefighter is complete.
 
 
The process of creating a test alarm by attribute with remindar recursive > monthly > date wise is started.
The process of creating a test alarm by attribute with remindar recursive > monthly > date wise is complete.
 
 
The process of create availability request > send imediate is started.
The process of create availability request > send imediate is complete.
 
 
The process of create availability request > schedule is started.
The process of create availability request > schedule is complete.
 
 
The process of create availability request > recursive is started.
The process of create availability request > recursive is complete.
 
 
The process of create availability request > multiple days is started.
The process of create availability request > multiple days is complete.
 
 
The process of create availability request > multiple days is started.
The process of create availability request > multiple days is complete.
 
 
The process of creating information by attribute is started.
The process of creating information by attribute is complete.
 
 
The process of creating information by resource is started.
The process of creating information by resource is complete.
 
 
The process of creating information by firefighter is started.
The process of creating information by firefighter is complete.
 
 
The process of send massage to information users is started.
The process of send massage to information users is started is complete.
 
 
The process of create info-event by attribute is started.
The process of create info-event by attribute is complete.
 
 
The process of create info-event by resource is started.
The process of create info-event by resource is complete.
 
 
The process of create info-event by firefighter is started.
The process of create info-event by firefighter is complete.
 
 
The process of send massage to info-event users is started.
The process of send massage to info-event users is started is complete.
 
 
The process of creating a manual alarm by attribute is started.
The process of creating a manual alarm by attribute is complete.
 
 
The process of creating a manual alarm by resource is started.
The process of creating a manual alarm by resource is complete.
 
 
The process of creating a manual alarm by firefighter is started.
The process of creating a manual alarm by firefighter is complete.
 
 
The process of creating a manual alarm by escaltion resource is started.
The process of creating a manual alarm by escaltion resource is complete.
 
 
The process of extend alarm is started.
The process of extend alarm is complete.
 
 
The Process of send message to user is started.
The Process of send message to user is complete.
 
 
Login  date-12-01-2024 & login  time -06:09
Logout date-12-01-2024 & logout time -06:43
 
Logout sucessfully.
 
Browser close sucessfully.
 ]]>
  </system-out>
</testsuite> <!-- functions.live.A_testClass_create -->
