<?xml version="1.0" encoding="UTF-8"?>
<!-- Generated by org.testng.reporters.JUnitReportReporter -->
<testsuite hostname="Shree" failures="0" tests="3" name="functions.live.A_testClass_create" time="58.399" errors="0" timestamp="2024-01-10T16:00:53 IST" skipped="0">
  <testcase classname="functions.live.A_testClass_create" name="userDetails" time="10.317">
    <system-out>
      <![CDATA[ 
live department user # 6039-IN-andrew-deptu-2 # log in sucessfully
 ]]>
    </system-out>
  </testcase> <!-- userDetails -->
  <testcase classname="functions.live.A_testClass_create" name="detailsAboutScript" time="8.911">
    <system-out>
      <![CDATA[ 
Login  date-10-01-2024 & login  time -11:29
Logout date-10-01-2024 & logout time -11:30
 ]]>
    </system-out>
  </testcase> <!-- detailsAboutScript -->
  <testcase classname="functions.live.A_testClass_create" name="SendMassagetoARUsers" time="39.171">
    <system-out>
      <![CDATA[ 
The process of create availability request > multiple days is started.
The process of create availability request > multiple days is complete.
 ]]>
    </system-out>
  </testcase> <!-- SendMassagetoARUsers -->
  <system-out>
    <![CDATA[Hello, Daily check point checking process has started.
 
date after two days : 13-01-2024
 
live department user # 6039-IN-andrew-deptu-2 # log in sucessfully
 
 
The process of create availability request > multiple days is started.
The process of create availability request > multiple days is complete.
 
 
Login  date-10-01-2024 & login  time -11:29
Logout date-10-01-2024 & logout time -11:30
 
Logout sucessfully.
 
Browser close sucessfully.
 ]]>
  </system-out>
</testsuite> <!-- functions.live.A_testClass_create -->
