<?xml version="1.0" encoding="UTF-8"?>
<!-- Generated by org.testng.reporters.JUnitReportReporter -->
<testsuite hostname="Shree" failures="0" tests="16" name="functions.live.A_testClass_create" time="1127.307" errors="0" timestamp="2024-01-09T20:01:15 IST" skipped="0">
  <testcase classname="functions.live.A_testClass_create" name="createInfoEventByFirefighter" time="89.714">
    <system-out>
      <![CDATA[ 
The process of create info-event by firefighter is started.
The process of create info-event by firefighter is complete.
 ]]>
    </system-out>
  </testcase> <!-- createInfoEventByFirefighter -->
  <testcase classname="functions.live.A_testClass_create" name="sendMassageToinfoUsers" time="33.130">
    <system-out>
      <![CDATA[ 
The process of send massage to information users is started.
The process of send massage to information users is started is complete.
 ]]>
    </system-out>
  </testcase> <!-- sendMassageToinfoUsers -->
  <testcase classname="functions.live.A_testClass_create" name="createInfoEventByAttributeSchedule" time="104.146">
    <system-out>
      <![CDATA[ 
The process of create info-event schedule by attribute is started.
The process of create info-event schedule by attribute is complete.
 ]]>
    </system-out>
  </testcase> <!-- createInfoEventByAttributeSchedule -->
  <testcase classname="functions.live.A_testClass_create" name="sendMassageToinfoEventUsers" time="32.653">
    <system-out>
      <![CDATA[ 
The process of send massage to info-event users is started.
The process of send massage to info-event users is started is complete.
 ]]>
    </system-out>
  </testcase> <!-- sendMassageToinfoEventUsers -->
  <testcase classname="functions.live.A_testClass_create" name="createForMonitor" time="84.305">
    <system-out>
      <![CDATA[ 
The process of creating information from 15:19:22 to 15:34:22 for monitor is started.
The process of creating information for monitor is complete.
 ]]>
    </system-out>
  </testcase> <!-- createForMonitor -->
  <testcase classname="functions.live.A_testClass_create" name="createInfoEventByFighterSchedule" time="106.697">
    <system-out>
      <![CDATA[ 
The process of create info-event schedule by firefighter is started.
The process of create info-event schedule by firefighter is complete.
 ]]>
    </system-out>
  </testcase> <!-- createInfoEventByFighterSchedule -->
  <testcase classname="functions.live.A_testClass_create" name="createInfoEventByResource" time="86.035">
    <system-out>
      <![CDATA[ 
The process of create info-event by resource is started.
The process of create info-event by resource is complete.
 ]]>
    </system-out>
  </testcase> <!-- createInfoEventByResource -->
  <testcase classname="functions.live.A_testClass_create" name="createTestAlarmByAttributeRecursiveMontlyDateWise" time="100.200">
    <system-out>
      <![CDATA[ 
The process of creating a test alarm by attribute with remindar recursive > monthly > date wise is started.
The process of creating a test alarm by attribute with remindar recursive > monthly > date wise is complete.
 ]]>
    </system-out>
  </testcase> <!-- createTestAlarmByAttributeRecursiveMontlyDateWise -->
  <testcase classname="functions.live.A_testClass_create" name="detailsAboutScript" time="8.956">
    <system-out>
      <![CDATA[ 
Login  date-09-01-2024 & login  time -15:12:22
Logout date-09-01-2024 & logout time -15:31:05
 ]]>
    </system-out>
  </testcase> <!-- detailsAboutScript -->
  <testcase classname="functions.live.A_testClass_create" name="createInformationByAttribute" time="61.853">
    <system-out>
      <![CDATA[ 
The process of creating information by attribute is started.
The process of creating information by attribute is complete.
 ]]>
    </system-out>
  </testcase> <!-- createInformationByAttribute -->
  <testcase classname="functions.live.A_testClass_create" name="createInfoEventByAttribute" time="90.517">
    <system-out>
      <![CDATA[ 
The process of create info-event by attribute is started.
The process of create info-event by attribute is complete.
 ]]>
    </system-out>
  </testcase> <!-- createInfoEventByAttribute -->
  <testcase classname="functions.live.A_testClass_create" name="createInformationByFirefighter" time="64.421">
    <system-out>
      <![CDATA[ 
The process of creating information by firefighter is started.
The process of creating information by firefighter is complete.
 ]]>
    </system-out>
  </testcase> <!-- createInformationByFirefighter -->
  <testcase classname="functions.live.A_testClass_create" name="userDetails" time="8.995">
    <system-out>
      <![CDATA[ 
live department user # 6039-IN-andrew-deptu-2 # log in sucessfully
 ]]>
    </system-out>
  </testcase> <!-- userDetails -->
  <testcase classname="functions.live.A_testClass_create" name="createInformationByResource" time="61.950">
    <system-out>
      <![CDATA[ 
The process of creating information by resource is started.
The process of creating information by resource is complete.
 ]]>
    </system-out>
  </testcase> <!-- createInformationByResource -->
  <testcase classname="functions.live.A_testClass_create" name="createAvailabilityRequestSendImmediat" time="90.241">
    <system-out>
      <![CDATA[ 
The process of create availability request > send imediate is started.
The process of create availability request > send imediate is complete.
 ]]>
    </system-out>
  </testcase> <!-- createAvailabilityRequestSendImmediat -->
  <testcase classname="functions.live.A_testClass_create" name="createInfoEventByResourceSchedule" time="103.494">
    <system-out>
      <![CDATA[ 
The process of create info-event schedule by resource is started.
The process of create info-event schedule by attribute is complete.
 ]]>
    </system-out>
  </testcase> <!-- createInfoEventByResourceSchedule -->
  <system-out>
    <![CDATA[Hello, Daily check point checking process has started.
 
date after two days : 12-01-2024
 
live department user # 6039-IN-andrew-deptu-2 # log in sucessfully
 
 
The process of creating information from 15:19:22 to 15:34:22 for monitor is started.
The process of creating information for monitor is complete.
 
 
The process of create info-event schedule by attribute is started.
The process of create info-event schedule by attribute is complete.
 
 
The process of create info-event schedule by resource is started.
The process of create info-event schedule by attribute is complete.
 
 
The process of create info-event schedule by firefighter is started.
The process of create info-event schedule by firefighter is complete.
 
 
The process of creating a test alarm by attribute with remindar recursive > monthly > date wise is started.
The process of creating a test alarm by attribute with remindar recursive > monthly > date wise is complete.
 
 
The process of create availability request > send imediate is started.
The process of create availability request > send imediate is complete.
 
 
The process of creating information by attribute is started.
The process of creating information by attribute is complete.
 
 
The process of creating information by resource is started.
The process of creating information by resource is complete.
 
 
The process of creating information by firefighter is started.
The process of creating information by firefighter is complete.
 
 
The process of send massage to information users is started.
The process of send massage to information users is started is complete.
 
 
The process of create info-event by attribute is started.
The process of create info-event by attribute is complete.
 
 
The process of create info-event by resource is started.
The process of create info-event by resource is complete.
 
 
The process of create info-event by firefighter is started.
The process of create info-event by firefighter is complete.
 
 
The process of send massage to info-event users is started.
The process of send massage to info-event users is started is complete.
 
 
Login  date-09-01-2024 & login  time -15:12:22
Logout date-09-01-2024 & logout time -15:31:05
 
Logout sucessfully.
 
Browser close sucessfully.
 ]]>
  </system-out>
</testsuite> <!-- functions.live.A_testClass_create -->
